<?xml version="1.0" encoding="UTF-8"?>
<!-- Generated by org.testng.reporters.JUnitReportReporter -->
<testsuite hostname="DESKTOP-DAF62OA" failures="0" tests="1" name="testcases.checkoutFlow" time="17.881" errors="0" timestamp="2023-08-29T11:16:36 CEST" skipped="0">
  <testcase classname="testcases.checkoutFlow" name="checkoutflow" time="17.881"/>
</testsuite> <!-- testcases.checkoutFlow -->
